SF:d:\Development\Lambda-AWS\Serverless\WebScraper\src\WebScraper\WebScraperEvent.cs
FN:14,System.String QuickType.WebScraperEvent::get_EventId()
FNDA:0,System.String QuickType.WebScraperEvent::get_EventId()
DA:15,0
FN:17,System.Uri QuickType.WebScraperEvent::get_Websiteurl()
FNDA:0,System.Uri QuickType.WebScraperEvent::get_Websiteurl()
DA:18,0
FN:20,System.String QuickType.WebScraperEvent::get_Xpath()
FNDA:0,System.String QuickType.WebScraperEvent::get_Xpath()
DA:21,0
FN:23,System.String QuickType.WebScraperEvent::get_From()
FNDA:0,System.String QuickType.WebScraperEvent::get_From()
DA:24,0
FN:26,System.String[] QuickType.WebScraperEvent::get_To()
FNDA:0,System.String[] QuickType.WebScraperEvent::get_To()
DA:27,0
LF:5
LH:0
BRF:0
BRH:0
FNF:5
FNH:0
end_of_record
SF:d:\Development\Lambda-AWS\Serverless\WebScraper\src\WebScraper\Function.cs
FN:89,System.Void WebScraper.Function::ConfigureServices(WebScraper.Services.IAmazonService,WebScraper.Services.IHttpService)
FNDA:0,System.Void WebScraper.Function::ConfigureServices(WebScraper.Services.IAmazonService,WebScraper.Services.IHttpService)
DA:90,0
DA:91,0
DA:92,0
DA:93,0
DA:94,0
BRDA:92,10,0,0
BRDA:92,10,1,0
BRDA:93,31,0,0
BRDA:93,31,1,0
FN:24,System.Void WebScraper.Function::.ctor()
FNDA:0,System.Void WebScraper.Function::.ctor()
DA:25,0
FN:34,System.Void WebScraper.Function::.ctor(WebScraper.Services.IAmazonService,WebScraper.Services.IHttpService)
FNDA:0,System.Void WebScraper.Function::.ctor(WebScraper.Services.IAmazonService,WebScraper.Services.IHttpService)
DA:35,0
DA:36,0
DA:37,0
DA:38,0
FN:50,System.Void WebScraper.Function/<>c__DisplayClass4_0::<FunctionHandler>b__0(System.String)
FNDA:0,System.Void WebScraper.Function/<>c__DisplayClass4_0::<FunctionHandler>b__0(System.String)
DA:51,0
DA:52,0
DA:53,0
DA:54,0
DA:55,0
DA:56,0
DA:58,0
DA:59,0
DA:61,0
DA:62,0
DA:63,0
BRDA:54,71,0,0
BRDA:58,103,0,0
BRDA:58,103,1,0
BRDA:54,71,1,0
FN:42,System.Void WebScraper.Function/<FunctionHandler>d__4::MoveNext()
FNDA:0,System.Void WebScraper.Function/<FunctionHandler>d__4::MoveNext()
DA:43,0
DA:44,0
DA:45,0
DA:46,0
DA:47,0
DA:48,0
DA:49,0
DA:57,0
DA:60,0
DA:65,0
DA:66,0
DA:68,0
DA:70,0
DA:72,0
DA:73,0
DA:74,0
DA:75,0
DA:76,0
DA:77,0
DA:78,0
DA:79,0
DA:80,0
DA:81,0
DA:82,0
DA:84,0
DA:85,0
BRDA:68,227,0,0
BRDA:68,227,1,0
LF:47
LH:0
BRF:10
BRH:0
FNF:5
FNH:0
end_of_record
SF:d:\Development\Lambda-AWS\Serverless\WebScraper\src\WebScraper\Startup.cs
FN:18,System.IServiceProvider WebScraper.Startup::get_Services()
FNDA:0,System.IServiceProvider WebScraper.Startup::get_Services()
DA:19,0
FN:21,System.Void WebScraper.Startup::ConfigureServices()
FNDA:0,System.Void WebScraper.Startup::ConfigureServices()
DA:22,0
DA:24,0
DA:25,0
DA:27,0
DA:28,0
DA:29,0
DA:30,0
DA:31,0
DA:32,0
DA:33,0
DA:34,0
DA:36,0
DA:37,0
LF:14
LH:0
BRF:0
BRH:0
FNF:2
FNH:0
end_of_record
SF:d:\Development\Lambda-AWS\Serverless\WebScraper\src\WebScraper\Services\AmazonService.cs
FN:85,System.Void WebScraper.Services.AmazonService::ConfigureServices(Amazon.SimpleEmail.IAmazonSimpleEmailService,Amazon.SimpleEmail.Model.GetIdentityVerificationAttributesRequest,Amazon.SimpleEmail.Model.SendEmailRequest,Amazon.SimpleEmail.Model.VerifyEmailIdentityRequest,Amazon.SimpleEmail.Model.ListIdentitiesRequest)
FNDA:0,System.Void WebScraper.Services.AmazonService::ConfigureServices(Amazon.SimpleEmail.IAmazonSimpleEmailService,Amazon.SimpleEmail.Model.GetIdentityVerificationAttributesRequest,Amazon.SimpleEmail.Model.SendEmailRequest,Amazon.SimpleEmail.Model.VerifyEmailIdentityRequest,Amazon.SimpleEmail.Model.ListIdentitiesRequest)
DA:86,0
DA:87,0
DA:88,0
DA:89,0
DA:90,0
DA:91,0
DA:92,0
DA:93,0
BRDA:88,10,0,0
BRDA:88,10,1,0
BRDA:89,31,0,0
BRDA:89,31,1,0
BRDA:90,52,0,0
BRDA:90,52,1,0
BRDA:91,74,0,0
BRDA:91,74,1,0
BRDA:92,96,0,0
BRDA:92,96,1,0
FN:18,System.Void WebScraper.Services.AmazonService::.ctor(Amazon.SimpleEmail.IAmazonSimpleEmailService,Amazon.SimpleEmail.Model.GetIdentityVerificationAttributesRequest,Amazon.SimpleEmail.Model.SendEmailRequest,Amazon.SimpleEmail.Model.VerifyEmailIdentityRequest,Amazon.SimpleEmail.Model.ListIdentitiesRequest)
FNDA:0,System.Void WebScraper.Services.AmazonService::.ctor(Amazon.SimpleEmail.IAmazonSimpleEmailService,Amazon.SimpleEmail.Model.GetIdentityVerificationAttributesRequest,Amazon.SimpleEmail.Model.SendEmailRequest,Amazon.SimpleEmail.Model.VerifyEmailIdentityRequest,Amazon.SimpleEmail.Model.ListIdentitiesRequest)
DA:19,0
DA:20,0
DA:21,0
DA:22,0
DA:23,0
DA:24,0
DA:25,0
DA:26,0
DA:27,0
FN:29,System.Void WebScraper.Services.AmazonService/<CheckVerificationStatusOfIdentitiesAsync>d__6::MoveNext()
FNDA:0,System.Void WebScraper.Services.AmazonService/<CheckVerificationStatusOfIdentitiesAsync>d__6::MoveNext()
DA:30,0
DA:31,0
DA:32,0
DA:33,0
DA:34,0
DA:35,0
DA:37,0
DA:39,0
DA:41,0
DA:42,0
BRDA:33,100,0,0
BRDA:33,100,1,0
FN:44,System.Void WebScraper.Services.AmazonService/<SendEmailAsync>d__7::MoveNext()
FNDA:0,System.Void WebScraper.Services.AmazonService/<SendEmailAsync>d__7::MoveNext()
DA:45,0
DA:46,0
DA:47,0
DA:48,0
DA:49,0
DA:50,0
DA:51,0
DA:52,0
DA:53,0
DA:54,0
DA:55,0
DA:56,0
DA:57,0
DA:58,0
DA:59,0
DA:60,0
DA:61,0
DA:62,0
DA:63,0
DA:64,0
DA:65,0
DA:66,0
DA:67,0
DA:68,0
DA:69,0
DA:70,0
BRDA:67,376,0,0
BRDA:67,376,1,0
FN:72,System.Void WebScraper.Services.AmazonService/<VerifyEmailIdentityAsync>d__8::MoveNext()
FNDA:0,System.Void WebScraper.Services.AmazonService/<VerifyEmailIdentityAsync>d__8::MoveNext()
DA:73,0
DA:74,0
DA:75,0
DA:76,0
DA:77,0
DA:78,0
LF:59
LH:0
BRF:14
BRH:0
FNF:5
FNH:0
end_of_record
SF:d:\Development\Lambda-AWS\Serverless\WebScraper\src\WebScraper\Services\HttpService.cs
FN:20,System.Void WebScraper.Services.HttpService::ConfigureServices(System.Net.Http.IHttpClientFactory)
FNDA:0,System.Void WebScraper.Services.HttpService::ConfigureServices(System.Net.Http.IHttpClientFactory)
DA:21,0
DA:22,0
DA:23,0
DA:24,0
BRDA:23,10,0,0
BRDA:23,10,1,0
FN:8,System.Void WebScraper.Services.HttpService::.ctor(System.Net.Http.IHttpClientFactory)
FNDA:0,System.Void WebScraper.Services.HttpService::.ctor(System.Net.Http.IHttpClientFactory)
DA:9,0
DA:10,0
DA:11,0
DA:12,0
FN:13,System.Void WebScraper.Services.HttpService/<QueryWebsite>d__2::MoveNext()
FNDA:0,System.Void WebScraper.Services.HttpService/<QueryWebsite>d__2::MoveNext()
DA:14,0
DA:15,0
DA:16,0
DA:17,0
DA:18,0
LF:13
LH:0
BRF:2
BRH:0
FNF:3
FNH:0
end_of_record