SF:d:\Development\Lambda-AWS\Serverless\WebScraperFileDownload\src\WebScraperFileDownload\WebScraperFileDownloadEvent.cs
FN:14,System.String QuickType.WebScraperFileDownloadEvent::get_EventId()
FNDA:0,System.String QuickType.WebScraperFileDownloadEvent::get_EventId()
DA:15,0
FN:17,System.Uri QuickType.WebScraperFileDownloadEvent::get_Websiteurl()
FNDA:0,System.Uri QuickType.WebScraperFileDownloadEvent::get_Websiteurl()
DA:18,0
FN:20,System.String QuickType.WebScraperFileDownloadEvent::get_Xpath()
FNDA:0,System.String QuickType.WebScraperFileDownloadEvent::get_Xpath()
DA:21,0
FN:23,System.String QuickType.WebScraperFileDownloadEvent::get_Fullxpath()
FNDA:0,System.String QuickType.WebScraperFileDownloadEvent::get_Fullxpath()
DA:24,0
FN:26,System.String QuickType.WebScraperFileDownloadEvent::get_FilePrefixPattern()
FNDA:0,System.String QuickType.WebScraperFileDownloadEvent::get_FilePrefixPattern()
DA:27,0
LF:5
LH:0
BRF:0
BRH:0
FNF:5
FNH:0
end_of_record
SF:d:\Development\Lambda-AWS\Serverless\WebScraperFileDownload\src\WebScraperFileDownload\Function.cs
FN:24,System.Void WebScraperFileDownload.Function::.ctor()
FNDA:0,System.Void WebScraperFileDownload.Function::.ctor()
DA:25,0
FN:26,System.Void WebScraperFileDownload.Function::.ctor(WebScraperFileDownload.Services.IAmazonService,WebScraperFileDownload.Services.IHttpService,WebScraperFileDownload.Services.IWebService)
FNDA:0,System.Void WebScraperFileDownload.Function::.ctor(WebScraperFileDownload.Services.IAmazonService,WebScraperFileDownload.Services.IHttpService,WebScraperFileDownload.Services.IWebService)
DA:27,0
DA:28,0
DA:29,0
DA:30,0
FN:43,System.Void WebScraperFileDownload.Function/<FunctionHandler>d__6::MoveNext()
FNDA:0,System.Void WebScraperFileDownload.Function/<FunctionHandler>d__6::MoveNext()
DA:44,0
DA:45,0
DA:47,0
DA:48,0
DA:49,0
DA:50,0
DA:66,0
DA:76,0
DA:77,0
DA:78,0
DA:79,0
DA:80,0
DA:81,0
DA:83,0
DA:84,0
BRDA:49,120,0,0
BRDA:49,120,1,0
LF:20
LH:0
BRF:2
BRH:0
FNF:3
FNH:0
end_of_record
SF:d:\Development\Lambda-AWS\Serverless\WebScraperFileDownload\src\WebScraperFileDownload\Startup.cs
FN:13,System.IServiceProvider WebScraperFileDownload.Startup::get_Services()
FNDA:0,System.IServiceProvider WebScraperFileDownload.Startup::get_Services()
DA:14,0
FN:16,System.Void WebScraperFileDownload.Startup::ConfigureServices()
FNDA:0,System.Void WebScraperFileDownload.Startup::ConfigureServices()
DA:17,0
DA:19,0
DA:20,0
DA:22,0
DA:23,0
DA:24,0
DA:25,0
DA:26,0
DA:27,0
DA:28,0
DA:29,0
DA:30,0
DA:32,0
DA:33,0
LF:15
LH:0
BRF:0
BRH:0
FNF:2
FNH:0
end_of_record
SF:d:\Development\Lambda-AWS\Serverless\WebScraperFileDownload\src\WebScraperFileDownload\Services\AmazonService.cs
FN:20,System.String WebScraperFileDownload.Services.AmazonService::GetBucketNameFromEnvironmentVariable(System.String)
FNDA:0,System.String WebScraperFileDownload.Services.AmazonService::GetBucketNameFromEnvironmentVariable(System.String)
DA:21,0
DA:22,0
DA:23,0
DA:27,0
DA:28,0
DA:29,0
FN:14,System.Void WebScraperFileDownload.Services.AmazonService::.ctor(Amazon.S3.IAmazonS3,Amazon.S3.Model.PutObjectRequest,Amazon.Lambda.Core.ILambdaLogger)
FNDA:0,System.Void WebScraperFileDownload.Services.AmazonService::.ctor(Amazon.S3.IAmazonS3,Amazon.S3.Model.PutObjectRequest,Amazon.Lambda.Core.ILambdaLogger)
DA:15,0
DA:16,0
DA:17,0
DA:18,0
FN:31,System.Void WebScraperFileDownload.Services.AmazonService/<UploadToS3Bucket>d__5::MoveNext()
FNDA:0,System.Void WebScraperFileDownload.Services.AmazonService/<UploadToS3Bucket>d__5::MoveNext()
DA:32,0
DA:34,0
DA:36,0
DA:37,0
DA:39,0
DA:40,0
DA:41,0
DA:43,0
DA:45,0
DA:47,0
DA:48,0
DA:49,0
DA:50,0
DA:51,0
DA:52,0
DA:53,0
DA:55,0
DA:56,0
DA:57,0
DA:58,0
DA:59,0
DA:61,0
DA:62,0
DA:63,0
BRDA:51,421,0,0
BRDA:51,421,1,0
BRDA:57,500,0,0
BRDA:57,500,1,0
LF:34
LH:0
BRF:4
BRH:0
FNF:3
FNH:0
end_of_record
SF:d:\Development\Lambda-AWS\Serverless\WebScraperFileDownload\src\WebScraperFileDownload\Services\HttpService.cs
FN:12,System.Void WebScraperFileDownload.Services.HttpService::.ctor(System.Net.Http.IHttpClientFactory,Amazon.Lambda.Core.ILambdaLogger)
FNDA:0,System.Void WebScraperFileDownload.Services.HttpService::.ctor(System.Net.Http.IHttpClientFactory,Amazon.Lambda.Core.ILambdaLogger)
DA:13,0
DA:14,0
DA:15,0
DA:16,0
FN:49,System.Void WebScraperFileDownload.Services.HttpService/<GetFileNameAndDataFromUrl>d__5::MoveNext()
FNDA:0,System.Void WebScraperFileDownload.Services.HttpService/<GetFileNameAndDataFromUrl>d__5::MoveNext()
DA:50,0
DA:51,0
DA:52,0
DA:54,0
DA:55,0
DA:57,0
DA:58,0
DA:60,0
DA:61,0
DA:62,0
DA:64,0
DA:65,0
LF:16
LH:0
BRF:0
BRH:0
FNF:2
FNH:0
end_of_record
SF:d:\Development\Lambda-AWS\Serverless\WebScraperFileDownload\src\WebScraperFileDownload\Services\WebService.cs
FN:40,System.Void WebScraperFileDownload.Services.WebService::ConfigureServices(WebScraperFileDownload.Helpers.IHtmlAgilityPackHelper,Amazon.Lambda.Core.ILambdaLogger)
FNDA:0,System.Void WebScraperFileDownload.Services.WebService::ConfigureServices(WebScraperFileDownload.Helpers.IHtmlAgilityPackHelper,Amazon.Lambda.Core.ILambdaLogger)
DA:41,0
DA:42,0
DA:43,0
DA:44,0
DA:45,0
BRDA:43,10,0,0
BRDA:43,10,1,0
BRDA:44,31,0,0
BRDA:44,31,1,0
FN:17,System.Void WebScraperFileDownload.Services.WebService::.ctor(WebScraperFileDownload.Helpers.IHtmlAgilityPackHelper,Amazon.Lambda.Core.ILambdaLogger)
FNDA:0,System.Void WebScraperFileDownload.Services.WebService::.ctor(WebScraperFileDownload.Helpers.IHtmlAgilityPackHelper,Amazon.Lambda.Core.ILambdaLogger)
DA:18,0
DA:19,0
DA:20,0
DA:21,0
FN:29,System.Boolean WebScraperFileDownload.Services.WebService/<>c::<GetCsvFileUrlFromXpathAndUri>b__3_0(HtmlAgilityPack.HtmlNode)
FNDA:0,System.Boolean WebScraperFileDownload.Services.WebService/<>c::<GetCsvFileUrlFromXpathAndUri>b__3_0(HtmlAgilityPack.HtmlNode)
DA:30,0
FN:23,System.Void WebScraperFileDownload.Services.WebService/<GetCsvFileUrlFromXpathAndUri>d__3::MoveNext()
FNDA:0,System.Void WebScraperFileDownload.Services.WebService/<GetCsvFileUrlFromXpathAndUri>d__3::MoveNext()
DA:24,0
DA:25,0
DA:26,0
DA:28,0
DA:29,0
DA:32,0
DA:33,0
DA:34,0
DA:35,0
DA:36,0
DA:37,0
DA:38,0
LF:22
LH:0
BRF:4
BRH:0
FNF:4
FNH:0
end_of_record
SF:d:\Development\Lambda-AWS\Serverless\WebScraperFileDownload\src\WebScraperFileDownload\Helpers\HtmlAgilityPackHelper.cs
FN:10,System.Void WebScraperFileDownload.Helpers.HtmlAgilityPackHelper::.ctor(HtmlAgilityPack.HtmlWeb)
FNDA:0,System.Void WebScraperFileDownload.Helpers.HtmlAgilityPackHelper::.ctor(HtmlAgilityPack.HtmlWeb)
DA:11,0
DA:12,0
DA:13,0
DA:14,0
LF:4
LH:0
BRF:0
BRH:0
FNF:1
FNH:0
end_of_record